<?xml version="1.0" encoding="UTF-8"?>
<!-- Generated by org.testng.reporters.JUnitXMLReporter -->
<testsuite hostname="LAPTOP-N9ISCAJG" ignored="0" name="Test" tests="3" failures="0" timestamp="01 Feb 2021 11:54:33 GMT" time="36.175" errors="0">
  <testcase name="validLogin" time="3.192" classname="pOM_package.LoginTest"/>
  <testcase name="testForCourseDetails" time="2.292" classname="pOM_package.DashboardTest"/>
  <testcase name="testForCourses" time="2.614" classname="pOM_package.DashboardTest"/>
</testsuite> <!-- Test -->
