<?xml version="1.0" encoding="UTF-8"?>
<testng-results skipped="0" failed="0" ignored="0" total="1" passed="1">
  <reporter-output>
  </reporter-output>
  <suite name="Default suite" duration-ms="37304" started-at="2021-02-27T05:46:31Z" finished-at="2021-02-27T05:47:08Z">
    <groups>
    </groups>
    <test name="Default test" duration-ms="37304" started-at="2021-02-27T05:46:31Z" finished-at="2021-02-27T05:47:08Z">
      <class name="pOM_package.LoginTest">
        <test-method status="PASS" signature="setUp()[pri:0, instance:pOM_package.LoginTest@46d56d67]" name="setUp" is-config="true" duration-ms="30200" started-at="2021-02-27T11:16:31Z" finished-at="2021-02-27T11:17:01Z">
          <reporter-output>
          </reporter-output>
        </test-method> <!-- setUp -->
        <test-method status="PASS" signature="validLogin()[pri:0, instance:pOM_package.LoginTest@46d56d67]" name="validLogin" duration-ms="6631" started-at="2021-02-27T11:17:01Z" finished-at="2021-02-27T11:17:08Z">
          <reporter-output>
          </reporter-output>
        </test-method> <!-- validLogin -->
      </class> <!-- pOM_package.LoginTest -->
    </test> <!-- Default test -->
  </suite> <!-- Default suite -->
</testng-results>
